<?xml version="1.0" encoding="UTF-8"?><testsuite failures="4" name="cucumber.runtime.formatter.JUnitFormatter" skipped="0" tests="4" time="15.508801">
<testcase classname="Enter a search in Google" name="Search results should display the search term in the page title when pressing &quot;enter&quot;" time="5.829634">
<failure message="java.lang.NullPointerException&#13;&#10;&#9;at page.PageObjects.goToUrl(PageObjects.java:25)&#13;&#10;&#9;at page.SearchQueryPage.openMainPage(SearchQueryPage.java:73)&#13;&#10;&#9;at tests.SearchSteps.openMainPage(SearchSteps.java:43)&#13;&#10;&#9;at ✽.Given A Google search page(search.feature:4)&#13;&#10;"><![CDATA[Given A Google search page..................................................failed
When I enter the search term "cats".........................................skipped
And I submit the search by pressing "enter".................................skipped
Then The search result page title should contain the search term............skipped

StackTrace:
java.lang.NullPointerException
	at page.PageObjects.goToUrl(PageObjects.java:25)
	at page.SearchQueryPage.openMainPage(SearchQueryPage.java:73)
	at tests.SearchSteps.openMainPage(SearchSteps.java:43)
	at ✽.Given A Google search page(search.feature:4)
]]></failure>
</testcase>
<testcase classname="Enter a search in Google" name="Search results should display the search term in the page title when pressing &quot;search&quot;" time="3.334365">
<failure message="java.lang.NullPointerException&#13;&#10;&#9;at page.PageObjects.goToUrl(PageObjects.java:25)&#13;&#10;&#9;at page.SearchQueryPage.openMainPage(SearchQueryPage.java:73)&#13;&#10;&#9;at tests.SearchSteps.openMainPage(SearchSteps.java:43)&#13;&#10;&#9;at ✽.Given A Google search page(search.feature:11)&#13;&#10;"><![CDATA[Given A Google search page..................................................failed
When I enter the search term "dogs".........................................skipped
And I submit the search by pressing "search"................................skipped
Then The search result page title should contain the search term............skipped

StackTrace:
java.lang.NullPointerException
	at page.PageObjects.goToUrl(PageObjects.java:25)
	at page.SearchQueryPage.openMainPage(SearchQueryPage.java:73)
	at tests.SearchSteps.openMainPage(SearchSteps.java:43)
	at ✽.Given A Google search page(search.feature:11)
]]></failure>
</testcase>
<testcase classname="Enter a search in Google" name="Search results should display the search term in the title regardless of submission method" time="3.016186">
<failure message="java.lang.NullPointerException&#13;&#10;&#9;at page.PageObjects.goToUrl(PageObjects.java:25)&#13;&#10;&#9;at page.SearchQueryPage.openMainPage(SearchQueryPage.java:73)&#13;&#10;&#9;at tests.SearchSteps.openMainPage(SearchSteps.java:43)&#13;&#10;&#9;at ✽.Given A Google search page(search.feature:17)&#13;&#10;"><![CDATA[Given A Google search page..................................................failed
When I enter the search term "cats".........................................skipped
And I submit the search by pressing "enter".................................skipped
Then The search result page title should contain the search term............skipped

StackTrace:
java.lang.NullPointerException
	at page.PageObjects.goToUrl(PageObjects.java:25)
	at page.SearchQueryPage.openMainPage(SearchQueryPage.java:73)
	at tests.SearchSteps.openMainPage(SearchSteps.java:43)
	at ✽.Given A Google search page(search.feature:17)
]]></failure>
</testcase>
<testcase classname="Enter a search in Google" name="Search results should display the search term in the title regardless of submission method" time="3.328616">
<failure message="java.lang.NullPointerException&#13;&#10;&#9;at page.PageObjects.goToUrl(PageObjects.java:25)&#13;&#10;&#9;at page.SearchQueryPage.openMainPage(SearchQueryPage.java:73)&#13;&#10;&#9;at tests.SearchSteps.openMainPage(SearchSteps.java:43)&#13;&#10;&#9;at ✽.Given A Google search page(search.feature:17)&#13;&#10;"><![CDATA[Given A Google search page..................................................failed
When I enter the search term "dogs".........................................skipped
And I submit the search by pressing "search"................................skipped
Then The search result page title should contain the search term............skipped

StackTrace:
java.lang.NullPointerException
	at page.PageObjects.goToUrl(PageObjects.java:25)
	at page.SearchQueryPage.openMainPage(SearchQueryPage.java:73)
	at tests.SearchSteps.openMainPage(SearchSteps.java:43)
	at ✽.Given A Google search page(search.feature:17)
]]></failure>
</testcase>
</testsuite>
